------------------------------------------------------------------------------------------------------------------------

[2022-04-26 11:56:55 #1 store] 
Database 'C:\Users\DAM1Alu13\eclipse-workspace\ObjectDB1\db\p2.odb' is opened by 10264@B01-PC13

[2022-04-26 11:56:55 #2 store] 
Configuration path: ?

[2022-04-26 11:56:55 #3 type] 
Type Puntos.Point is not enhanced.

[2022-04-26 11:56:56 #4 store] 
Database 'C:\Users\DAM1Alu13\eclipse-workspace\ObjectDB1\db\p2.odb' is closed by 10264@B01-PC13

------------------------------------------------------------------------------------------------------------------------

[2022-04-26 12:02:47 #1 store] 
Database 'C:\Users\DAM1Alu13\eclipse-workspace\ObjectDB1\db\p2.odb' is opened by 7884@B01-PC13

[2022-04-26 12:02:47 #2 store] 
Configuration path: ?

[2022-04-26 12:02:47 #3 type] 
Type Puntos.Point is not enhanced.

[2022-04-26 12:02:47 #4 store] 
Database 'C:\Users\DAM1Alu13\eclipse-workspace\ObjectDB1\db\p2.odb' is closed by 7884@B01-PC13

------------------------------------------------------------------------------------------------------------------------

[2022-04-26 12:04:43 #1 store] 
Database 'C:\Users\DAM1Alu13\eclipse-workspace\ObjectDB1\db\p2.odb' is opened by 11156@B01-PC13

[2022-04-26 12:04:43 #2 store] 
Configuration path: ?

[2022-04-26 12:04:43 #3 type] 
Type Puntos.Point is not enhanced.

[2022-04-26 12:04:44 #4 store] 
Database 'C:\Users\DAM1Alu13\eclipse-workspace\ObjectDB1\db\p2.odb' is closed by 11156@B01-PC13

------------------------------------------------------------------------------------------------------------------------

[2022-04-26 12:20:51 #1 store] 
Database 'C:\Users\DAM1Alu13\eclipse-workspace\ObjectDB1\db\empleados.odb' is opened by 8092@B01-PC13

[2022-04-26 12:20:51 #2 store] 
Configuration path: ?

[2022-04-26 12:20:51 #3 type] 
Type Empleados.DepartamentoEntity is not enhanced.

[2022-04-26 12:20:51 #4 type] 
Type Empleados.EmpleadoEntity is not enhanced.

[2022-04-26 12:20:51 #5 store] 
Database 'C:\Users\DAM1Alu13\eclipse-workspace\ObjectDB1\db\empleados.odb' is closed by 8092@B01-PC13

